[    0.000000] Linux version 4.15.0-171-generic (buildd@ubuntu) (gcc version 7.5.0 (Ubuntu 7.5.0-3ubuntu1~18.04)) #180-Ubuntu SMP Wed Mar 2 17:25:05 UTC 2022 (Ubuntu 4.15.0-171.180-generic 4.15.18)
[    0.000000] Command line: BOOT_IMAGE=/boot/vmlinuz-4.15.0-171-generic root=LABEL=cloudimg-rootfs ro console=tty1 console=ttyS0
[    0.000000] KERNEL supported cpus:
[    0.000000]   Intel GenuineIntel
[    0.000000]   AMD AuthenticAMD
[    0.000000]   Centaur CentaurHauls
[    0.000000] x86/fpu: Supporting XSAVE feature 0x001: 'x87 floating point registers'
[    0.000000] x86/fpu: Supporting XSAVE feature 0x002: 'SSE registers'
[    0.000000] x86/fpu: Supporting XSAVE feature 0x004: 'AVX registers'
[    0.000000] x86/fpu: xstate_offset[2]:  576, xstate_sizes[2]:  256
[    0.000000] x86/fpu: Enabled xstate features 0x7, context size is 832 bytes, using 'standard' format.
[    0.000000] e820: BIOS-provided physical RAM map:
[    0.000000] BIOS-e820: [mem 0x0000000000000000-0x000000000009fbff] usable
[    0.000000] BIOS-e820: [mem 0x000000000009fc00-0x000000000009ffff] reserved
[    0.000000] BIOS-e820: [mem 0x00000000000f0000-0x00000000000fffff] reserved
[    0.000000] BIOS-e820: [mem 0x0000000000100000-0x00000000dffeffff] usable
[    0.000000] BIOS-e820: [mem 0x00000000dfff0000-0x00000000dfffffff] ACPI data
[    0.000000] BIOS-e820: [mem 0x00000000fec00000-0x00000000fec00fff] reserved
[    0.000000] BIOS-e820: [mem 0x00000000fee00000-0x00000000fee00fff] reserved
[    0.000000] BIOS-e820: [mem 0x00000000fffc0000-0x00000000ffffffff] reserved
[    0.000000] BIOS-e820: [mem 0x0000000100000000-0x000000011fffffff] usable
[    0.000000] NX (Execute Disable) protection: active
[    0.000000] SMBIOS 2.5 present.
[    0.000000] DMI: innotek GmbH VirtualBox/VirtualBox, BIOS VirtualBox 12/01/2006
[    0.000000] Hypervisor detected: KVM
[    0.000000] e820: last_pfn = 0x120000 max_arch_pfn = 0x400000000
[    0.000000] MTRR: Disabled
[    0.000000] x86/PAT: MTRRs disabled, skipping PAT initialization too.
[    0.000000] CPU MTRRs all blank - virtualized system.
[    0.000000] x86/PAT: Configuration [0-7]: WB  WT  UC- UC  WB  WT  UC- UC  
[    0.000000] e820: last_pfn = 0xdfff0 max_arch_pfn = 0x400000000
[    0.000000] found SMP MP-table at [mem 0x0009fff0-0x0009ffff]
[    0.000000] Scanning 1 areas for low memory corruption
[    0.000000] RAMDISK: [mem 0x359c7000-0x36cdafff]
[    0.000000] ACPI: Early table checksum verification disabled
[    0.000000] ACPI: RSDP 0x00000000000E0000 000024 (v02 VBOX  )
[    0.000000] ACPI: XSDT 0x00000000DFFF0030 00003C (v01 VBOX   VBOXXSDT 00000001 ASL  00000061)
[    0.000000] ACPI: FACP 0x00000000DFFF00F0 0000F4 (v04 VBOX   VBOXFACP 00000001 ASL  00000061)
[    0.000000] ACPI: DSDT 0x00000000DFFF0470 002325 (v02 VBOX   VBOXBIOS 00000002 INTL 20100528)
[    0.000000] ACPI: FACS 0x00000000DFFF0200 000040
[    0.000000] ACPI: FACS 0x00000000DFFF0200 000040
[    0.000000] ACPI: APIC 0x00000000DFFF0240 00005C (v02 VBOX   VBOXAPIC 00000001 ASL  00000061)
[    0.000000] ACPI: SSDT 0x00000000DFFF02A0 0001CC (v01 VBOX   VBOXCPUT 00000002 INTL 20100528)
[    0.000000] ACPI: Reserving FACP table memory at [mem 0xdfff00f0-0xdfff01e3]
[    0.000000] ACPI: Reserving DSDT table memory at [mem 0xdfff0470-0xdfff2794]
[    0.000000] ACPI: Reserving FACS table memory at [mem 0xdfff0200-0xdfff023f]
[    0.000000] ACPI: Reserving FACS table memory at [mem 0xdfff0200-0xdfff023f]
[    0.000000] ACPI: Reserving APIC table memory at [mem 0xdfff0240-0xdfff029b]
[    0.000000] ACPI: Reserving SSDT table memory at [mem 0xdfff02a0-0xdfff046b]
[    0.000000] No NUMA configuration found
[    0.000000] Faking a node at [mem 0x0000000000000000-0x000000011fffffff]
[    0.000000] NODE_DATA(0) allocated [mem 0x11ffd1000-0x11fffbfff]
[    0.000000] kvm-clock: cpu 0, msr 1:1ff50001, primary cpu clock
[    0.000000] kvm-clock: Using msrs 4b564d01 and 4b564d00
[    0.000000] kvm-clock: using sched offset of 4984709722 cycles
[    0.000000] clocksource: kvm-clock: mask: 0xffffffffffffffff max_cycles: 0x1cd42e4dffb, max_idle_ns: 881590591483 ns
[    0.000000] Zone ranges:
[    0.000000]   DMA      [mem 0x0000000000001000-0x0000000000ffffff]
[    0.000000]   DMA32    [mem 0x0000000001000000-0x00000000ffffffff]
[    0.000000]   Normal   [mem 0x0000000100000000-0x000000011fffffff]
[    0.000000]   Device   empty
[    0.000000] Movable zone start for each node
[    0.000000] Early memory node ranges
[    0.000000]   node   0: [mem 0x0000000000001000-0x000000000009efff]
[    0.000000]   node   0: [mem 0x0000000000100000-0x00000000dffeffff]
[    0.000000]   node   0: [mem 0x0000000100000000-0x000000011fffffff]
[    0.000000] Reserved but unavailable: 104 pages
[    0.000000] Initmem setup node 0 [mem 0x0000000000001000-0x000000011fffffff]
[    0.000000] ACPI: PM-Timer IO Port: 0x4008
[    0.000000] IOAPIC[0]: apic_id 2, version 32, address 0xfec00000, GSI 0-23
[    0.000000] ACPI: INT_SRC_OVR (bus 0 bus_irq 0 global_irq 2 dfl dfl)
[    0.000000] ACPI: INT_SRC_OVR (bus 0 bus_irq 9 global_irq 9 low level)
[    0.000000] Using ACPI (MADT) for SMP configuration information
[    0.000000] smpboot: Allowing 2 CPUs, 0 hotplug CPUs
[    0.000000] PM: Registered nosave memory: [mem 0x00000000-0x00000fff]
[    0.000000] PM: Registered nosave memory: [mem 0x0009f000-0x0009ffff]
[    0.000000] PM: Registered nosave memory: [mem 0x000a0000-0x000effff]
[    0.000000] PM: Registered nosave memory: [mem 0x000f0000-0x000fffff]
[    0.000000] PM: Registered nosave memory: [mem 0xdfff0000-0xdfffffff]
[    0.000000] PM: Registered nosave memory: [mem 0xe0000000-0xfebfffff]
[    0.000000] PM: Registered nosave memory: [mem 0xfec00000-0xfec00fff]
[    0.000000] PM: Registered nosave memory: [mem 0xfec01000-0xfedfffff]
[    0.000000] PM: Registered nosave memory: [mem 0xfee00000-0xfee00fff]
[    0.000000] PM: Registered nosave memory: [mem 0xfee01000-0xfffbffff]
[    0.000000] PM: Registered nosave memory: [mem 0xfffc0000-0xffffffff]
[    0.000000] e820: [mem 0xe0000000-0xfebfffff] available for PCI devices
[    0.000000] Booting paravirtualized kernel on KVM
[    0.000000] clocksource: refined-jiffies: mask: 0xffffffff max_cycles: 0xffffffff, max_idle_ns: 7645519600211568 ns
[    0.000000] random: get_random_bytes called from start_kernel+0x99/0x500 with crng_init=0
[    0.000000] setup_percpu: NR_CPUS:8192 nr_cpumask_bits:2 nr_cpu_ids:2 nr_node_ids:1
[    0.000000] percpu: Embedded 50 pages/cpu s167936 r8192 d28672 u1048576
[    0.000000] PV qspinlock hash table entries: 256 (order: 0, 4096 bytes)
[    0.000000] Built 1 zonelists, mobility grouping on.  Total pages: 1032057
[    0.000000] Policy zone: Normal
[    0.000000] Kernel command line: BOOT_IMAGE=/boot/vmlinuz-4.15.0-171-generic root=LABEL=cloudimg-rootfs ro console=tty1 console=ttyS0
[    0.000000] Memory: 4013240K/4193848K available (12300K kernel code, 2483K rwdata, 4324K rodata, 2476K init, 2724K bss, 180608K reserved, 0K cma-reserved)
[    0.000000] SLUB: HWalign=64, Order=0-3, MinObjects=0, CPUs=2, Nodes=1
[    0.000000] ftrace: allocating 39503 entries in 155 pages
[    0.004000] Hierarchical RCU implementation.
[    0.004000] 	RCU restricting CPUs from NR_CPUS=8192 to nr_cpu_ids=2.
[    0.004000] 	Tasks RCU enabled.
[    0.004000] RCU: Adjusting geometry for rcu_fanout_leaf=16, nr_cpu_ids=2
[    0.004000] NR_IRQS: 524544, nr_irqs: 440, preallocated irqs: 16
[    0.004000] Console: colour VGA+ 80x25
[    0.004000] console [tty1] enabled
[    0.004000] console [ttyS0] enabled
[    0.004000] ACPI: Core revision 20170831
[    0.004000] ACPI: 2 ACPI AML tables successfully acquired and loaded
[    0.004000] APIC: Switch to symmetric I/O mode setup
[    0.004000] x2apic enabled
[    0.004000] Switched APIC routing to physical x2apic.
[    0.004000] ..TIMER: vector=0x30 apic1=0 pin1=2 apic2=-1 pin2=-1
[    0.004007] tsc: Detected 1992.003 MHz processor
[    0.006262] Calibrating delay loop (skipped) preset value.. 3984.00 BogoMIPS (lpj=7968012)
[    0.008004] pid_max: default: 32768 minimum: 301
[    0.009141] Security Framework initialized
[    0.010251] Yama: becoming mindful.
[    0.012033] AppArmor: AppArmor initialized
[    0.016265] Dentry cache hash table entries: 524288 (order: 10, 4194304 bytes)
[    0.023794] Inode-cache hash table entries: 262144 (order: 9, 2097152 bytes)
[    0.024024] Mount-cache hash table entries: 8192 (order: 4, 65536 bytes)
[    0.025427] Mountpoint-cache hash table entries: 8192 (order: 4, 65536 bytes)
[    0.028308] Last level iTLB entries: 4KB 64, 2MB 8, 4MB 8
[    0.029501] Last level dTLB entries: 4KB 64, 2MB 0, 4MB 0, 1GB 4
[    0.030685] Spectre V1 : Mitigation: usercopy/swapgs barriers and __user pointer sanitization
[    0.032002] Spectre V2 : Mitigation: Retpolines
[    0.033250] Spectre V2 : Spectre v2 / SpectreRSB mitigation: Filling RSB on context switch
[    0.035119] Speculative Store Bypass: Vulnerable
[    0.036043] SRBDS: Unknown: Dependent on hypervisor status
[    0.037179] MDS: Mitigation: Clear CPU buffers
[    0.038331] Freeing SMP alternatives memory: 36K
[    0.149826] smpboot: CPU0: Intel(R) Core(TM) i7-8565U CPU @ 1.80GHz (family: 0x6, model: 0x8e, stepping: 0xb)
[    0.152000] Performance Events: unsupported p6 CPU model 142 no PMU driver, software events only.
[    0.152036] Hierarchical SRCU implementation.
[    0.153768] NMI watchdog: Perf event create on CPU 0 failed with -2
[    0.156002] NMI watchdog: Perf NMI watchdog permanently disabled
[    0.157510] smp: Bringing up secondary CPUs ...
[    0.160061] x86: Booting SMP configuration:
[    0.161090] .... node  #0, CPUs:      #1
[    0.004000] kvm-clock: cpu 1, msr 1:1ff50041, secondary cpu clock
[    0.168022] smp: Brought up 1 node, 2 CPUs
[    0.168990] smpboot: Max logical packages: 1
[    0.170090] smpboot: Total of 2 processors activated (7968.01 BogoMIPS)
[    0.172053] devtmpfs: initialized
[    0.172868] x86/mm: Memory block size: 128MB
[    0.174197] evm: security.selinux
[    0.176003] evm: security.SMACK64
[    0.176852] evm: security.SMACK64EXEC
[    0.177725] evm: security.SMACK64TRANSMUTE
[    0.178693] evm: security.SMACK64MMAP
[    0.179585] evm: security.apparmor
[    0.180003] evm: security.ima
[    0.180749] evm: security.capability
[    0.181664] clocksource: jiffies: mask: 0xffffffff max_cycles: 0xffffffff, max_idle_ns: 7645041785100000 ns
[    0.184023] futex hash table entries: 512 (order: 3, 32768 bytes)
[    0.185967] pinctrl core: initialized pinctrl subsystem
[    0.188229] RTC time:  9:56:49, date: 03/23/22
[    0.190172] NET: Registered protocol family 16
[    0.192044] audit: initializing netlink subsys (disabled)
[    0.193797] audit: type=2000 audit(1648029416.464:1): state=initialized audit_enabled=0 res=1
[    0.196014] cpuidle: using governor ladder
[    0.197250] cpuidle: using governor menu
[    0.198477] ACPI: bus type PCI registered
[    0.200005] acpiphp: ACPI Hot Plug PCI Controller Driver version: 0.5
[    0.201994] PCI: Using configuration type 1 for base access
[    0.205447] HugeTLB registered 2.00 MiB page size, pre-allocated 0 pages
[    0.208099] ACPI: Added _OSI(Module Device)
[    0.209287] ACPI: Added _OSI(Processor Device)
[    0.210807] ACPI: Added _OSI(3.0 _SCP Extensions)
[    0.212006] ACPI: Added _OSI(Processor Aggregator Device)
[    0.214112] ACPI: Added _OSI(Linux-Dell-Video)
[    0.216014] ACPI: Added _OSI(Linux-Lenovo-NV-HDMI-Audio)
[    0.217243] ACPI: Added _OSI(Linux-HPI-Hybrid-Graphics)
[    0.218959] ACPI: Executed 1 blocks of module-level executable AML code
[    0.228510] ACPI: Interpreter enabled
[    0.229985] ACPI: (supports S0 S5)
[    0.230985] ACPI: Using IOAPIC for interrupt routing
[    0.232400] PCI: Using host bridge windows from ACPI; if necessary, use "pci=nocrs" and report a bug
[    0.234964] ACPI: Enabled 2 GPEs in block 00 to 07
[    0.244834] ACPI: PCI Root Bridge [PCI0] (domain 0000 [bus 00-ff])
[    0.247101] acpi PNP0A03:00: _OSC: OS supports [ASPM ClockPM Segments MSI]
[    0.248581] acpi PNP0A03:00: _OSC: not requesting OS control; OS requires [ExtendedConfig ASPM ClockPM MSI]
[    0.250890] acpi PNP0A03:00: fail to add MMCONFIG information, can't access extended PCI configuration space under this bridge.
[    0.252512] PCI host bridge to bus 0000:00
[    0.256004] pci_bus 0000:00: root bus resource [io  0x0000-0x0cf7 window]
[    0.257392] pci_bus 0000:00: root bus resource [io  0x0d00-0xffff window]
[    0.258770] pci_bus 0000:00: root bus resource [mem 0x000a0000-0x000bffff window]
[    0.260002] pci_bus 0000:00: root bus resource [mem 0xe0000000-0xfdffffff window]
[    0.261616] pci_bus 0000:00: root bus resource [bus 00-ff]
[    0.265297] pci 0000:00:01.1: legacy IDE quirk: reg 0x10: [io  0x01f0-0x01f7]
[    0.266721] pci 0000:00:01.1: legacy IDE quirk: reg 0x14: [io  0x03f6]
[    0.267962] pci 0000:00:01.1: legacy IDE quirk: reg 0x18: [io  0x0170-0x0177]
[    0.268002] pci 0000:00:01.1: legacy IDE quirk: reg 0x1c: [io  0x0376]
[    0.305149] pci 0000:00:07.0: quirk: [io  0x4000-0x403f] claimed by PIIX4 ACPI
[    0.306621] pci 0000:00:07.0: quirk: [io  0x4100-0x410f] claimed by PIIX4 SMB
[    0.328439] ACPI: PCI Interrupt Link [LNKA] (IRQs 5 9 10 *11)
[    0.329914] ACPI: PCI Interrupt Link [LNKB] (IRQs 5 9 *10 11)
[    0.331182] ACPI: PCI Interrupt Link [LNKC] (IRQs 5 *9 10 11)
[    0.332128] ACPI: PCI Interrupt Link [LNKD] (IRQs 5 9 10 *11)
[    0.333725] SCSI subsystem initialized
[    0.336022] pci 0000:00:02.0: vgaarb: setting as boot VGA device
[    0.337224] pci 0000:00:02.0: vgaarb: VGA device added: decodes=io+mem,owns=io+mem,locks=none
[    0.338926] pci 0000:00:02.0: vgaarb: bridge control possible
[    0.340000] vgaarb: loaded
[    0.340033] ACPI: bus type USB registered
[    0.340943] usbcore: registered new interface driver usbfs
[    0.342090] usbcore: registered new interface driver hub
[    0.343181] usbcore: registered new device driver usb
[    0.344040] EDAC MC: Ver: 3.0.0
[    0.344936] PCI: Using ACPI for IRQ routing
[    0.345250] NetLabel: Initializing
[    0.346015] NetLabel:  domain hash size = 128
[    0.348002] NetLabel:  protocols = UNLABELED CIPSOv4 CALIPSO
[    0.349163] NetLabel:  unlabeled traffic allowed by default
[    0.352066] clocksource: Switched to clocksource kvm-clock
[    0.368621] VFS: Disk quotas dquot_6.6.0
[    0.369382] VFS: Dquot-cache hash table entries: 512 (order 0, 4096 bytes)
[    0.370716] AppArmor: AppArmor Filesystem Enabled
[    0.371770] pnp: PnP ACPI init
[    0.373617] pnp: PnP ACPI: found 3 devices
[    0.385313] clocksource: acpi_pm: mask: 0xffffff max_cycles: 0xffffff, max_idle_ns: 2085701024 ns
[    0.386925] NET: Registered protocol family 2
[    0.387939] IP idents hash table entries: 65536 (order: 7, 524288 bytes)
[    0.389693] TCP established hash table entries: 32768 (order: 6, 262144 bytes)
[    0.391256] TCP bind hash table entries: 32768 (order: 7, 524288 bytes)
[    0.392775] TCP: Hash tables configured (established 32768 bind 32768)
[    0.396686] UDP hash table entries: 2048 (order: 4, 65536 bytes)
[    0.397811] UDP-Lite hash table entries: 2048 (order: 4, 65536 bytes)
[    0.399044] NET: Registered protocol family 1
[    0.399904] pci 0000:00:00.0: Limiting direct PCI/PCI transfers
[    0.401106] pci 0000:00:01.0: Activating ISA DMA hang workarounds
[    0.402345] pci 0000:00:02.0: Video device with shadowed ROM at [mem 0x000c0000-0x000dffff]
[    0.404216] Unpacking initramfs...
[    0.708004] Freeing initrd memory: 19536K
[    0.708941] PCI-DMA: Using software bounce buffering for IO (SWIOTLB)
[    0.710233] software IO TLB: mapped [mem 0xdbff0000-0xdfff0000] (64MB)
[    0.711752] clocksource: tsc: mask: 0xffffffffffffffff max_cycles: 0x396d5809302, max_idle_ns: 881590667022 ns
[    0.714190] platform rtc_cmos: registered platform RTC device (no PNP device found)
[    0.715948] Scanning for low memory corruption every 60 seconds
[    0.717880] Initialise system trusted keyrings
[    0.719008] Key type blacklist registered
[    0.720051] workingset: timestamp_bits=36 max_order=20 bucket_order=0
[    0.722755] zbud: loaded
[    0.726689] squashfs: version 4.0 (2009/01/31) Phillip Lougher
[    0.728168] fuse init (API version 7.26)
[    0.734074] Key type asymmetric registered
[    0.735045] Asymmetric key parser 'x509' registered
[    0.735951] Block layer SCSI generic (bsg) driver version 0.4 loaded (major 246)
[    0.737841] io scheduler noop registered
[    0.738700] io scheduler deadline registered
[    0.739568] io scheduler cfq registered (default)
[    0.740757] ACPI: AC Adapter [AC] (off-line)
[    0.741676] input: Power Button as /devices/LNXSYSTM:00/LNXPWRBN:00/input/input0
[    0.743213] ACPI: Power Button [PWRF]
[    0.744079] input: Sleep Button as /devices/LNXSYSTM:00/LNXSLPBN:00/input/input1
[    0.745860] ACPI: Sleep Button [SLPF]
[    0.747057] Serial: 8250/16550 driver, 32 ports, IRQ sharing enabled
[    0.747970] ACPI: Battery Slot [BAT0] (battery present)
[    0.769981] 00:02: ttyS0 at I/O 0x3f8 (irq = 4, base_baud = 115200) is a 16550A
[    0.772702] Linux agpgart interface v0.103
[    0.777851] loop: module loaded
[    0.779722] scsi host0: ata_piix
[    0.780852] scsi host1: ata_piix
[    0.781596] ata1: PATA max UDMA/33 cmd 0x1f0 ctl 0x3f6 bmdma 0xd000 irq 14
[    0.783151] ata2: PATA max UDMA/33 cmd 0x170 ctl 0x376 bmdma 0xd008 irq 15
[    0.785263] libphy: Fixed MDIO Bus: probed
[    0.786149] tun: Universal TUN/TAP device driver, 1.6
[    0.787219] PPP generic driver version 2.4.2
[    0.788158] ehci_hcd: USB 2.0 'Enhanced' Host Controller (EHCI) Driver
[    0.789474] ehci-pci: EHCI PCI platform driver
[    0.790721] ehci-platform: EHCI generic platform driver
[    0.791895] ohci_hcd: USB 1.1 'Open' Host Controller (OHCI) Driver
[    0.793310] ohci-pci: OHCI PCI platform driver
[    0.794369] ohci-platform: OHCI generic platform driver
[    0.795515] uhci_hcd: USB Universal Host Controller Interface driver
[    0.796982] i8042: PNP: PS/2 Controller [PNP0303:PS2K,PNP0f03:PS2M] at 0x60,0x64 irq 1,12
[    0.799430] serio: i8042 KBD port at 0x60,0x64 irq 1
[    0.800898] serio: i8042 AUX port at 0x60,0x64 irq 12
[    0.802038] mousedev: PS/2 mouse device common for all mice
[    0.803466] input: AT Translated Set 2 keyboard as /devices/platform/i8042/serio0/input/input2
[    0.805506] rtc_cmos rtc_cmos: rtc core: registered rtc_cmos as rtc0
[    0.807006] rtc_cmos rtc_cmos: alarms up to one day, 114 bytes nvram
[    0.808555] i2c /dev entries driver
[    0.809489] device-mapper: uevent: version 1.0.3
[    0.810522] device-mapper: ioctl: 4.37.0-ioctl (2017-09-20) initialised: dm-devel@redhat.com
[    0.812436] ledtrig-cpu: registered to indicate activity on CPUs
[    0.814175] NET: Registered protocol family 10
[    0.819855] Segment Routing with IPv6
[    0.820843] NET: Registered protocol family 17
[    0.822038] Key type dns_resolver registered
[    0.823152] mce: Using 0 MCE banks
[    0.824063] RAS: Correctable Errors collector initialized.
[    0.825321] sched_clock: Marking stable (825293698, 0)->(1263146978, -437853280)
[    0.827333] registered taskstats version 1
[    0.828344] Loading compiled-in X.509 certificates
[    0.831701] Loaded X.509 cert 'Build time autogenerated kernel key: af32452646252a8bcb28446c2c4754d4174d97ad'
[    0.834347] Loaded X.509 cert 'Canonical Ltd. Live Patch Signing: 14df34d1a87cf37625abec039ef2bf521249b969'
[    0.836869] Loaded X.509 cert 'Canonical Ltd. Kernel Module Signing: 88f752e560a1e0737e31163a466ad7b70a850c19'
[    0.839065] blacklist: Loading compiled-in revocation X.509 certificates
[    0.840743] Loaded X.509 cert 'Canonical Ltd. Secure Boot Signing: 61482aa2830d0ab2ad5af10b7250da9033ddcef0'
[    0.842846] zswap: loaded using pool lzo/zbud
[    0.847037] Key type big_key registered
[    0.848087] Key type trusted registered
[    0.850408] Key type encrypted registered
[    0.851292] AppArmor: AppArmor sha1 policy hashing enabled
[    0.852460] ima: No TPM chip found, activating TPM-bypass! (rc=-19)
[    0.854069] ima: Allocated hash algorithm: sha1
[    0.855072] evm: HMAC attrs: 0x1
[    0.856341]   Magic number: 14:553:930
[    0.857328] rtc_cmos rtc_cmos: setting system clock to 2022-03-23 09:56:50 UTC (1648029410)
[    0.859211] BIOS EDD facility v0.16 2004-Jun-25, 0 devices found
[    0.860562] EDD information not available.
[    1.013797] Freeing unused kernel image memory: 2476K
[    1.028597] Write protecting the kernel read-only data: 20480k
[    1.030686] Freeing unused kernel image memory: 2008K
[    1.031960] Freeing unused kernel image memory: 1820K
[    1.041967] x86/mm: Checked W+X mappings: passed, no W+X pages found.
Loading, please wait...
starting version 237
[    1.134511] Fusion MPT base driver 3.04.20
[    1.135763] Copyright (c) 1999-2008 LSI Corporation
[    1.139909] e1000: Intel(R) PRO/1000 Network Driver - version 7.3.21-k8-NAPI
[    1.141701] e1000: Copyright (c) 1999-2006 Intel Corporation.
[    1.170532] AVX2 version of gcm_enc/dec engaged.
[    1.171629] AES CTR mode by8 optimization enabled
[    1.177168] Fusion MPT SPI Host driver 3.04.20
[    1.354307] input: ImExPS/2 Generic Explorer Mouse as /devices/platform/i8042/serio1/input/input4
[    1.583585] e1000 0000:00:03.0 eth0: (PCI:33MHz:32-bit) 02:4d:90:b0:a6:cd
[    1.586061] e1000 0000:00:03.0 eth0: Intel(R) PRO/1000 Network Connection
[    1.589723] mptbase: ioc0: Initiating bringup
[    1.684911] ioc0: LSI53C1030 A0: Capabilities={Initiator}
[    1.934287] scsi host2: ioc0: LSI53C1030 A0, FwRev=00000000h, Ports=1, MaxQ=256, IRQ=20
[    2.105882] scsi 2:0:0:0: Direct-Access     VBOX     HARDDISK         1.0  PQ: 0 ANSI: 5
[    2.144423] scsi target2:0:0: Beginning Domain Validation
[    2.148882] scsi target2:0:0: Domain Validation skipping write tests
[    2.151895] scsi target2:0:0: Ending Domain Validation
[    2.153403] scsi target2:0:0: asynchronous
[    2.155522] scsi 2:0:1:0: Direct-Access     VBOX     HARDDISK         1.0  PQ: 0 ANSI: 5
[    2.408113] scsi target2:0:1: Beginning Domain Validation
[    2.411313] random: fast init done
[    2.414197] scsi target2:0:1: Domain Validation skipping write tests
[    2.416198] scsi target2:0:1: Ending Domain Validation
[    2.417849] scsi target2:0:1: asynchronous
[    2.424520] sd 2:0:0:0: Attached scsi generic sg0 type 0
[    2.425982] sd 2:0:1:0: Attached scsi generic sg1 type 0
[    2.428091] sd 2:0:0:0: [sda] 83886080 512-byte logical blocks: (42.9 GB/40.0 GiB)
[    2.429271] random: systemd-udevd: uninitialized urandom read (16 bytes read)
[    2.433954] sd 2:0:1:0: [sdb] 20480 512-byte logical blocks: (10.5 MB/10.0 MiB)
[    2.435992] sd 2:0:1:0: [sdb] Write Protect is off
[    2.437562] random: systemd-udevd: uninitialized urandom read (16 bytes read)
[    2.439466] random: systemd-udevd: uninitialized urandom read (16 bytes read)
[    2.441475] sd 2:0:1:0: [sdb] Incomplete mode parameter data
[    2.442409] sd 2:0:0:0: [sda] Write Protect is off
[    2.443143] sd 2:0:1:0: [sdb] Assuming drive cache: write through
[    2.447163] sd 2:0:0:0: [sda] Incomplete mode parameter data
[    2.448458] sd 2:0:0:0: [sda] Assuming drive cache: write through
[    2.456543]  sda: sda1
[    2.458687] sd 2:0:0:0: [sda] Attached SCSI disk
[    2.460250] sd 2:0:1:0: [sdb] Attached SCSI disk
[    2.528058] e1000 0000:00:08.0 eth1: (PCI:33MHz:32-bit) 08:00:27:a8:13:58
[    2.530013] e1000 0000:00:08.0 eth1: Intel(R) PRO/1000 Network Connection
[    2.532859] e1000 0000:00:08.0 enp0s8: renamed from eth1
[    2.549183] e1000 0000:00:03.0 enp0s3: renamed from eth0
Begin: Loading essential drivers ... [    4.268200] raid6: sse2x1   gen() 11219 MB/s
[    4.316139] raid6: sse2x1   xor()  8382 MB/s
[    4.364081] raid6: sse2x2   gen() 10893 MB/s
[    4.412023] raid6: sse2x2   xor()  7521 MB/s
[    4.460428] raid6: sse2x4   gen() 15629 MB/s
[    4.508286] raid6: sse2x4   xor()  8762 MB/s
[    4.556059] raid6: avx2x1   gen() 21630 MB/s
[    4.604376] raid6: avx2x1   xor() 11359 MB/s
[    4.652198] raid6: avx2x2   gen() 19546 MB/s
[    4.700017] raid6: avx2x2   xor() 15574 MB/s
[    4.748333] raid6: avx2x4   gen() 26030 MB/s
[    4.796154] raid6: avx2x4   xor() 18165 MB/s
[    4.797198] raid6: using algorithm avx2x4 gen() 26030 MB/s
[    4.798320] raid6: .... xor() 18165 MB/s, rmw enabled
[    4.799465] raid6: using avx2x2 recovery algorithm
[    4.802298] xor: automatically using best checksumming function   avx       
[    4.805039] async_tx: api initialized (async)
done.
Begin: Running /scripts/init-premount ... done.
Begin: Mounting root file system ... Begin: Running /scripts/local-top ... done.
Begin: Running /scripts/local-premount ... [    4.855188] Btrfs loaded, crc32c=crc32c-intel
Scanning for Btrfs filesystems
done.
Warning: fsck not present, so skipping root file system
[    4.896569] EXT4-fs (sda1): mounted filesystem with ordered data mode. Opts: (null)
done.
Begin: Running /scripts/local-bottom ... done.
Begin: Running /scripts/init-bottom ... done.
[    5.126297] ip_tables: (C) 2000-2006 Netfilter Core Team
[    5.137451] systemd[1]: systemd 237 running in system mode. (+PAM +AUDIT +SELINUX +IMA +APPARMOR +SMACK +SYSVINIT +UTMP +LIBCRYPTSETUP +GCRYPT +GNUTLS +ACL +XZ +LZ4 +SECCOMP +BLKID +ELFUTILS +KMOD -IDN2 +IDN -PCRE2 default-hierarchy=hybrid)
[    5.141635] systemd[1]: Detected virtualization oracle.
[    5.143388] systemd[1]: Detected architecture x86-64.

Welcome to [1mUbuntu 18.04.6 LTS[0m!

[    5.148826] systemd[1]: Set hostname to <ubuntu>.
[    5.154245] systemd[1]: Initializing machine ID from random generator.
[    5.155731] systemd[1]: Installed transient /etc/machine-id file.
[    5.474028] systemd[1]: Started Forward Password Requests to Wall Directory Watch.
[[0;32m  OK  [0m] Started Forward Password Requests to Wall Directory Watch.
[    5.488320] systemd[1]: Reached target Swap.
[[0;32m  OK  [0m] Reached target Swap.
[    5.501157] systemd[1]: Set up automount Arbitrary Executable File Formats File System Automount Point.
[[0;32m  OK  [0m] Set up automount Arbitrary Executab…rmats File System Automount Point.
[    5.545576] systemd[1]: Created slice System Slice.
[[0;32m  OK  [0m] Created slice System Slice.
[[0;32m  OK  [0m] Listening on udev Kernel Socket.
[[0;32m  OK  [0m] Listening on Journal Audit Socket.
[[0;32m  OK  [0m] Listening on Syslog Socket.
[[0;32m  OK  [0m] Listening on LVM2 metadata daemon socket.
[[0;32m  OK  [0m] Listening on Journal Socket.
         Starting Set the console keyboard layout...
         Starting Uncomplicated firewall...
         Mounting Kernel Debug File System...
         Starting Load Kernel Modules...
         Mounting POSIX Message Queue File System...
[[0;32m  OK  [0m] Listening on Device-mapper event daemon FIFOs.
[[0;32m  OK  [0m] Listening on /dev/initctl Compatibility Named Pipe.
[[0;32m  OK  [0m] Listening on Network Service Netlink Socket.
         Starting Monitoring of LVM2 mirrors…ng dmeventd or progress polling...
[[0;32m  OK  [0m] Reached target User and Group Name Lookups.
[[0;32m  OK  [0m] Created slice User and Session Slice.
[[0;32m  OK  [0m] Reached target Slices.
[[0;32m  OK  [0m] Listening on udev Control Socket.
         Starting udev Coldplug all Devices...
         Starting Create list of required st…ce nodes for the current kernel...
[[0;32m  OK  [0m] Reached target System Time Synchronized.
[[0;32m  OK  [0m] Listening on Journal Socket (/dev/log).
         Starting Journal Service...
[    5.784124] Loading iSCSI transport class v2.0-870.
[[0;32m  OK  [0m] Listening on LVM2 poll daemon socket.
         Mounting Huge Pages File System...
[[0;32m  OK  [0m] Created slice system-serial\x2dgetty.slice.
[[0;32m  OK  [0m] Listening on fsck to fsckd communication Socket.
         Starting File System Check on Root Device...
[[0;32m  OK  [0m] Started Uncomplicated firewall.
[[0;32m  OK  [0m] Mounted Kernel Debug File System.
[[0;32m  OK  [0m] Mounted POSIX Message Queue File System.
[[0;32m  OK  [0m] Mounted Huge Pages File System.
[[0;32m  OK  [0m] Started Create list of required sta…vice nodes for the current kernel.
[    5.844980] iscsi: registered transport (tcp)
         Starting Create Static Device Nodes in /dev...
[    5.870958] iscsi: registered transport (iser)
[[0;32m  OK  [0m] Started Load Kernel Modules.
         Mounting FUSE Control File System...
         Mounting Kernel Configuration File System...
         Starting Apply Kernel Variables...
[[0;32m  OK  [0m] Mounted Kernel Configuration File System.
[[0;32m  OK  [0m] Started udev Coldplug all Devices.
[[0;32m  OK  [0m] Mounted FUSE Control File System.
[[0;32m  OK  [0m] Started Journal Service.
[[0;32m  OK  [0m] Started File System Check Daemon to report status.
[[0;32m  OK  [0m] Started File System Check on Root Device.
[[0;32m  OK  [0m] Started LVM2 metadata daemon.
         Starting Remount Root and Kernel File Systems...
[[0;32m  OK  [0m] Started Create Static Device Nodes in /dev.
[[0;32m  OK  [0m] Started Apply Kernel Variables.
[[0;32m  OK  [0m] Started Remount Root and Kernel File Systems.
         Starting Flush Journal to Persistent Storage...
         Starting Load/Save Random Seed...
         Starting udev Kernel Device Manager...
[[0;32m  OK  [0m] Started Monitoring of LVM2 mirrors,…sing dmeventd or progress polling.
[[0;32m  OK  [0m] Started Load/Save Random Seed.
[[0;32m  OK  [0m] Started udev Kernel Device Manager.
[[0;32m  OK  [0m] Started Flush Journal to Persistent Storage.
[[0;32m  OK  [0m] Found device /dev/ttyS0.
[[0;32m  OK  [0m] Listening on Load/Save RF Kill Switch Status /dev/rfkill Watch.
[[0;32m  OK  [0m] Started Set the console keyboard layout.
[[0;32m  OK  [0m] Reached target Local File Systems (Pre).
[[0;32m  OK  [0m] Reached target Local File Systems.
         Starting AppArmor initialization...
         Starting Commit a transient machine-id on disk...
         Starting ebtables ruleset management...
         Starting Create Volatile Files and Directories...
         Starting Set console font and keymap...
         Starting Tell Plymouth To Write Out Runtime Data...
[[0;32m  OK  [0m] Started Dispatch Password Requests to Console Directory Watch.
[[0;32m  OK  [0m] Reached target Local Encrypted Volumes.
[[0;32m  OK  [0m] Started Create Volatile Files and Directories.
         Starting Update UTMP about System Boot/Shutdown...
[[0;32m  OK  [0m] Started Set console font and keymap.
[[0;32m  OK  [0m] Started Tell Plymouth To Write Out Runtime Data.
[[0;32m  OK  [0m] Started Update UTMP about System Boot/Shutdown.
[[0;32m  OK  [0m] Started Commit a transient machine-id on disk.
[[0;32m  OK  [0m] Started ebtables ruleset management.
[[0;32m  OK  [0m] Started AppArmor initialization.
         Starting Load AppArmor profiles managed internally by snapd...
         Starting Initial cloud-init job (pre-networking)...
[[0;32m  OK  [0m] Started Load AppArmor profiles managed internally by snapd.
[   10.480716] cloud-init[692]: Cloud-init v. 21.4-0ubuntu1~18.04.1 running 'init-local' at Wed, 23 Mar 2022 09:56:59 +0000. Up 9.93 seconds.
[[0;32m  OK  [0m] Started Initial cloud-init job (pre-networking).
[[0;32m  OK  [0m] Reached target Network (Pre).
         Starting Network Service...
[[0;32m  OK  [0m] Started Network Service.
         Starting Wait for Network to be Configured...
         Starting Network Name Resolution...
[[0;32m  OK  [0m] Started Network Name Resolution.
[[0;32m  OK  [0m] Reached target Network.
[[0;32m  OK  [0m] Reached target Host and Network Name Lookups.
[[0;32m  OK  [0m] Started Wait for Network to be Configured.
         Starting Initial cloud-init job (metadata service crawler)...
[   12.844064] cloud-init[811]: Cloud-init v. 21.4-0ubuntu1~18.04.1 running 'init' at Wed, 23 Mar 2022 09:57:02 +0000. Up 12.62 seconds.
[   12.846290] cloud-init[811]: ci-info: ++++++++++++++++++++++++++++++++++++++Net device info+++++++++++++++++++++++++++++++++++++++
[   12.856940] cloud-init[811]: ci-info: +--------+-------+----------------------------+---------------+--------+-------------------+
[   12.858300] cloud-init[811]: ci-info: | Device |   Up  |          Address           |      Mask     | Scope  |     Hw-Address    |
[   12.868364] cloud-init[811]: ci-info: +--------+-------+----------------------------+---------------+--------+-------------------+
[   12.884178] cloud-init[811]: ci-info: | enp0s3 |  True |         10.0.2.15          | 255.255.255.0 | global | 02:4d:90:b0:a6:cd |
[   12.896830] cloud-init[811]: ci-info: | enp0s3 |  True | fe80::4d:90ff:feb0:a6cd/64 |       .       |  link  | 02:4d:90:b0:a6:cd |
[   12.898071] cloud-init[811]: ci-info: | enp0s8 | False |             .              |       .       |   .    | 08:00:27:a8:13:58 |
[   12.899803] cloud-init[811]: ci-info: |   lo   |  True |         127.0.0.1          |   255.0.0.0   |  host  |         .         |
[   12.901819] cloud-init[811]: ci-info: |   lo   |  True |          ::1/128           |       .       |  host  |         .         |
[   12.903131] cloud-init[811]: ci-info: +--------+-------+----------------------------+---------------+--------+-------------------+
[   12.916499] cloud-init[811]: ci-info: ++++++++++++++++++++++++++++Route IPv4 info+++++++++++++++++++++++++++++
[   12.918627] cloud-init[811]: ci-info: +-------+-------------+----------+-----------------+-----------+-------+
[   12.920481] cloud-init[811]: ci-info: | Route | Destination | Gateway  |     Genmask     | Interface | Flags |
[   12.921935] cloud-init[811]: ci-info: +-------+-------------+----------+-----------------+-----------+-------+
[   12.924003] cloud-init[811]: ci-info: |   0   |   0.0.0.0   | 10.0.2.2 |     0.0.0.0     |   enp0s3  |   UG  |
[   12.925377] cloud-init[811]: ci-info: |   1   |   10.0.2.0  | 0.0.0.0  |  255.255.255.0  |   enp0s3  |   U   |
[   12.936246] cloud-init[811]: ci-info: |   2   |   10.0.2.2  | 0.0.0.0  | 255.255.255.255 |   enp0s3  |   UH  |
[   12.937604] cloud-init[811]: ci-info: +-------+-------------+----------+-----------------+-----------+-------+
[   12.938812] cloud-init[811]: ci-info: +++++++++++++++++++Route IPv6 info+++++++++++++++++++
[   12.948800] cloud-init[811]: ci-info: +-------+-------------+---------+-----------+-------+
[   12.960402] cloud-init[811]: ci-info: | Route | Destination | Gateway | Interface | Flags |
[   12.972411] cloud-init[811]: ci-info: +-------+-------------+---------+-----------+-------+
[   12.973233] cloud-init[811]: ci-info: |   1   |  fe80::/64  |    ::   |   enp0s3  |   U   |
[   12.974228] cloud-init[811]: ci-info: |   3   |    local    |    ::   |   enp0s3  |   U   |
[   12.984684] cloud-init[811]: ci-info: |   4   |   ff00::/8  |    ::   |   enp0s3  |   U   |
[   13.000400] cloud-init[811]: ci-info: +-------+-------------+---------+-----------+-------+
[   13.847651] cloud-init[811]: Generating public/private rsa key pair.
[   13.848407] cloud-init[811]: Your identification has been saved in /etc/ssh/ssh_host_rsa_key.
[   13.860218] cloud-init[811]: Your public key has been saved in /etc/ssh/ssh_host_rsa_key.pub.
[   13.872860] cloud-init[811]: The key fingerprint is:
[   13.884630] cloud-init[811]: SHA256:MrfV1xlLBcQ+fbhewefqkqgyXRiQLwl39cqbZmT4JQc root@ubuntu-bionic
[   13.886050] cloud-init[811]: The key's randomart image is:
[   13.896265] cloud-init[811]: +---[RSA 2048]----+
[   13.896935] cloud-init[811]: |       . ..  oo..|
[[0;32m  OK  [0m] Started Initial cloud-init job (metadata service crawler).
[   13.912153] cloud-init[811]: |    . + .  .  . .|
[[0;32m  OK  [0m] Reached target Network is Online.
[   13.929393] cloud-init[811]: |     o =  E ...= |
         Starting Availability of block devices...
[[0;32m  OK  [0m] Reached target Remote File Systems (Pre).
[[0;32m  OK  [0m] Reached target Remote File Systems.
[[0;32m  OK  [0m] Reached target System Initialization.
[   13.944635] cloud-init[811]: |      o oo +  =+B|
[   13.959281]          Starting LXD - unix socket.
cloud-init[811]: |      o.SoB + .*=|
[[0;32m  OK  [0m] Listening on ACPID Listen Socket.
[   13.972555] cloud-init[811]: |       +.*.* .. o|
[   13.973065] [cloud-init[0;32m  OK  [0m[811]: ] |       ...*. o o |Started Daily apt download activities.

[[0;32m  OK  [0m] Listening on UUID daemon activation socket.
[   13.989374] [cloud-init[0;32m  OK  [0m[811]: ] |      o .o. o o  |Listening on D-Bus System Message Bus Socket.

[   13.990170] [cloud-init[0;32m  OK  [0m[811]: ] |       o..   o.  |Started Discard unused blocks once a week.

[   13.991065] [cloud-init[0;32m  OK  [0m[811]: ] +----[SHA256]-----+Listening on Open-iSCSI iscsid Socket.

[[0;32m  OK  [0m] Started Ubuntu Advantage Timer for running repeated jobs.
[   13.991627] [[0;32m  OK  [0m] Started Message of the Day.
cloud-init[811]: Generating public/private dsa key pair.
[   14.008806]          cloud-initStarting Socket activation for snappy daemon.[811]: 
Your identification has been saved in /etc/ssh/ssh_host_dsa_key.
[[0;32m  OK  [0m] Started Daily apt upgrade and clean activities.
[   14.024811] cloud-init[811]: Your public key has been saved in /etc/ssh/ssh_host_dsa_key.pub.
[   14.025891] cloud-init[811]: The key fingerprint is:
[   14.026410] cloud-init[811]: SHA256:paeUJSdCwfhXh4dmdQ0+aSGV+nBqTuqhP3bqns8lbkI root@ubuntu-bionic
[[0;32m  OK  [0m] Started ACPI Events Check.
[   14.040200] cloud-init[811]: The key's randomart image is:
[[0;32m  OK  [0m] Listening on cloud-init hotplug hook socket.
[[0;32m  OK  [0m] Started Daily Cleanup of Temporary Directories.
[[   14.056627] [0;32m  OK  [0mcloud-init] [811]: Reached target Timers.+---[DSA 1024]----+

[[0;32m  OK  [0m] Started Trigger to poll for Ubuntu …(Only enabled on GCP LTS non-pro).
[   14.072684] [[0;32m  OK  [0m] Reached target Paths.
[[0;32m  OK  [0m] Reached target Cloud-config availability.
cloud-init[811]: |     oo.   +o.=+ |[[0;32m  OK  [0m] Started Availability of block devices.
[[0;32m  OK  [0m] Listening on LXD - unix socket.

[[0;32m  OK  [0m] Listening on Socket activation for snappy daemon.
[   14.094399] [[0;32m  OK  [0m] Reached target Sockets.
[[0;32m  OK  [0m] Reached target Basic System.
cloud-init[811]:          Starting Virtualbox guest utils...
|    ...   * o+.o.|
[[0;32m  OK  [0m] Started FUSE filesystem for LXC.
[   14.112791] cloud-init[811]: |     .. o++o .=  |
         Starting Dispatcher daemon for systemd-networkd...
[   14.144542] cloud-init[811]: |      ...O  o... |
[[0;32m  OK  [0m] Started Regular background program processing daemon.
[   14.156567] cloud-init[811]: |       .S .  =   |
[   14.184506] cloud-init[811]: |       . oE + .  |
         Starting LXD - container startup/shutdown...
[   14.185433] cloud-init[811]: |        ...=. .  |
         Starting System Logging Service...
[   14.217068] cloud-init[811]: |         .==+o   |
[   14.228500] cloud-init[811]: |        .*BB+    |
[   14.229314] cloud-init[811]: +----[SHA256]-----+
[   14.229927] cloud-init[811]: Generating public/private ecdsa key pair.
[   14.240367] cloud-init[811]: Your identification has been saved in /etc/ssh/ssh_host_ecdsa_key.
[   14.252277] cloud-init[811]: Your public key has been saved in /etc/ssh/ssh_host_ecdsa_key.pub.
[   14.254255] cloud-init[811]: The key fingerprint is:
[   14.255284] cloud-init[811]: SHA256:2G8KxuBzAgsvZoXIXRDu+uc9/L/zS+xgP90v3w36338 root@ubuntu-bionic
[   14.268412] cloud-init[811]: The key's randomart image is:
[   14.269561] cloud-init[811]: +---[ECDSA 256]---+
[   14.280666] cloud-init[811]: |   o.            |
[   14.281724] cloud-init[811]: |  . .            |
[   14.292346] cloud-init[811]: |   . .           |
[[0;32m  OK  [0m] Started irqbalance daemon.[   14.304481] 
cloud-init[811]: |o + .  o         |
[   14.305646] cloud-init[811]: |oo.+. . S        |
[   14.306333] cloud-init[811]: | oo+ o   .  .    |
[   14.307136] cloud-init[811]: |.+o + *   oo oo .|
[   14.308052] cloud-init[811]: |o..  *.+ o..=o.oE|
         [   14.323188] cloud-init[811]: |   .o. .+..o=*++%|
[   14.323317] cloud-init[811]: +----[SHA256]-----+
Starting Login Service...
[   14.323982] cloud-init[811]: Generating public/private ed25519 key pair.
[   14.325368] cloud-init[811]: Your identification has been saved in /etc/ssh/ssh_host_ed25519_key.
[   14.326390] cloud-init[811]: Your public key has been saved in /etc/ssh/ssh_host_ed25519_key.pub.
[   14.327690] cloud-init[811]: The key fingerprint is:
[   14.328441] cloud-init[811]: SHA256:QeRwbBVLFNWobLl/S1EtPO4Eg8y9wZQx4y2Qqo5SEdY root@ubuntu-bionic
[   14.329765] cloud-init[811]: The key's randomart image is:
         [   14.330791] cloud-init[811]: +--[ED25519 256]--+
[   14.330961] cloud-initStarting LSB: automatic crash report generation...
[811]: |     ..o+oB=*=   |
[   14.332271] cloud-init[811]: |    o E=o+.Oo=. .|
[   14.333012] cloud-init[811]: |   . . .oo=oO = o|
[   14.334085] cloud-init[811]: |    .   ..=  B + |
         [   14.344513] cloud-init[811]: |     . .S. .. +  |
[   14.344864] cloud-init[811]: |    . .   .  o . |
[   14.345059] cloud-init[811]: |   . o     .  o  |
[   14.345518] cloud-init[811]: |  . . .     ...  |
Starting LSB: Record successful boot for GRUB...
[   14.346911] cloud-init[811]: |   .         ... |
[   14.347157] cloud-init[811]: +----[SHA256]-----+
[[0;32m  OK  [0m] Started D-Bus System Message Bus.
[[0;32m  OK  [0m] Started Login Service.
[[0;32m  OK  [0m] Started Unattended Upgrades Shutdown.
[[0;32m  OK  [0m] Started Deferred execution scheduler.
         Starting Pollinate to seed the pseudo random number generator...
         Starting Accounts Service...
         Starting Permit User Sessions...
         Starting Snap Daemon...
[[0;32m  OK  [0m] Started System Logging Service.
[[0;32m  OK  [0m] Started LXD - container startup/shutdown.
[[0;32m  OK  [0m] Started Permit User Sessions.
         Starting Terminate Plymouth Boot Screen...
         Starting Hold until boot process finishes up...
[[0;32m  OK  [0m] Started Hold until boot process finishes up.
         Starting Set console scheme...
[[0;32m  OK  [0m] Started Serial Getty on ttyS0.
[[0;32m  OK  [0m] Started Terminate Plymouth Boot Screen.
[[0;32m  OK  [0m] Started Dispatcher daemon for systemd-networkd.
[[0;32m  OK  [0m] Started Set console scheme.
[[0;32m  OK  [0m] Created slice system-getty.slice.
[[0;32m  OK  [0m] Started Getty on tty1.
[[0;32m  OK  [0m] Reached target Login Prompts.
         Starting Authorization Manager...
[[0;32m  OK  [0m] Started LSB: automatic crash report generation.
[[0;32m  OK  [0m] Started LSB: Record successful boot for GRUB.
[[0;32m  OK  [0m] Started Virtualbox guest utils.
[[0;32m  OK  [0m] Started Authorization Manager.
[[0;32m  OK  [0m] Started Accounts Service.
[[0;32m  OK  [0m] Started Snap Daemon.
         Starting Wait until snapd is fully seeded...
         Starting Time & Date Service...
[[0;32m  OK  [0m] Started Pollinate to seed the pseudo random number generator.
         Starting OpenBSD Secure Shell server...
[[0;32m  OK  [0m] Started Time & Date Service.
[[0;32m  OK  [0m] Started OpenBSD Secure Shell server.
[[0;32m  OK  [0m] Started Wait until snapd is fully seeded.
         Starting Apply the settings specified in cloud-config...
[[0;32m  OK  [0m] Reached target Multi-User System.
[[0;32m  OK  [0m] Reached target Graphical Interface.
         Starting Update UTMP about System Runlevel Changes...
[[0;32m  OK  [0m] Started Update UTMP about System Runlevel Changes.
[[0;32m  OK  [0m] Created slice User Slice of vagrant.
         Starting User Manager for UID 1000...
[[0;32m  OK  [0m] Started Session 1 of user vagrant.
[[0;32m  OK  [0m] Started User Manager for UID 1000.
[   17.627522] cloud-init[1331]: Cloud-init v. 21.4-0ubuntu1~18.04.1 running 'modules:config' at Wed, 23 Mar 2022 09:57:06 +0000. Up 17.06 seconds.
[[0;32m  OK  [0m] Started Apply the settings specified in cloud-config.
         Starting Execute cloud user/final scripts...
ci-info: no authorized SSH keys fingerprints found for user ubuntu.
<14>Mar 23 09:57:08 cloud-init: #############################################################
<14>Mar 23 09:57:08 cloud-init: -----BEGIN SSH HOST KEY FINGERPRINTS-----
<14>Mar 23 09:57:08 cloud-init: 1024 SHA256:paeUJSdCwfhXh4dmdQ0+aSGV+nBqTuqhP3bqns8lbkI root@ubuntu-bionic (DSA)
<14>Mar 23 09:57:08 cloud-init: 256 SHA256:2G8KxuBzAgsvZoXIXRDu+uc9/L/zS+xgP90v3w36338 root@ubuntu-bionic (ECDSA)
<14>Mar 23 09:57:08 cloud-init: 256 SHA256:QeRwbBVLFNWobLl/S1EtPO4Eg8y9wZQx4y2Qqo5SEdY root@ubuntu-bionic (ED25519)
<14>Mar 23 09:57:08 cloud-init: 2048 SHA256:MrfV1xlLBcQ+fbhewefqkqgyXRiQLwl39cqbZmT4JQc root@ubuntu-bionic (RSA)
<14>Mar 23 09:57:08 cloud-init: -----END SSH HOST KEY FINGERPRINTS-----
<14>Mar 23 09:57:08 cloud-init: #############################################################
-----BEGIN SSH HOST KEY KEYS-----
ecdsa-sha2-nistp256 AAAAE2VjZHNhLXNoYTItbmlzdHAyNTYAAAAIbmlzdHAyNTYAAABBBMGHRSapwFIphNLZKUZOUOvv06mX2jM7ymy7x9XcAqaiQLPpjsHGZ6uzimzEOmK6al1EPM3rZVLJP3ZXulnWY+Q= root@ubuntu-bionic
ssh-ed25519 AAAAC3NzaC1lZDI1NTE5AAAAIMmX2ou3MHePNNF3KYzLM+lutYwLVOefMC5YafT4HsuW root@ubuntu-bionic
ssh-rsa AAAAB3NzaC1yc2EAAAADAQABAAABAQClOcutKmNxLFTvhSgxz5i9JdOvNmNctSjxZLev+6DSTYfAQDeiCA2bXELI/5BIdjOZhtWXkwiEESq361PB4UtVOKEIZ04o0VVmWyqa3+egs04dcMvj392F+VkZvxWe6disMMTsP2fUy+FVZJFhdazLvOiRTfHYC4THAfpSIxnqIPT346kCKzZwYMnKYziMnrxRpy2wRO+/abbEDLkQCyiFJYErnEnMCXmtpJCOLBOZGgMwEJG7b20ytP+QmuGE12TPBlGkWNfoRSu5Noo4Wvb24dm1vyG7Nih3c9KDR55AQs9e2upfUPKpys2DmqwmH2pB6IBveOyb0dYlhIW57uhn root@ubuntu-bionic
-----END SSH HOST KEY KEYS-----
[   18.604419] cloud-init[1449]: Cloud-init v. 21.4-0ubuntu1~18.04.1 running 'modules:final' at Wed, 23 Mar 2022 09:57:07 +0000. Up 18.26 seconds.
[   18.616173] cloud-init[1449]: ci-info: no authorized SSH keys fingerprints found for user ubuntu.
[   18.628740] cloud-init[1449]: Cloud-init v. 21.4-0ubuntu1~18.04.1 finished at Wed, 23 Mar 2022 09:57:08 +0000. Datasource DataSourceNoCloud [seed=/dev/sdb][dsmode=net].  Up 18.58 seconds
[[0;32m  OK  [0m] Started Execute cloud user/final scripts.
[[0;32m  OK  [0m] Reached target Cloud-init target.

Ubuntu 18.04.6 LTS ubuntu-bionic ttyS0

ubuntu-bionic login: 